Using pre-set license
Built from '2022.3/release' branch; Version is '2022.3.20f1 (61c2feb0970d) revision 6406910'; Using compiler version '192829333'; Build Type 'Release'
OS: 'Windows 11  (10.0.22631) 64bit Core' Language: 'ko' Physical Memory: 32616 MB
BatchMode: 1, IsHumanControllingUs: 0, StartBugReporterOnCrash: 0, Is64bit: 1, IsPro: 1

COMMAND LINE ARGUMENTS:
D:\Unity\Editor\Unity.exe
-adb2
-batchMode
-noUpm
-name
AssetImportWorker2
-projectPath
D:/UnityProject/GitHub/TermProject-DigitalContentClass/TermProject
-logFile
Logs/AssetImportWorker2.log
-srvPort
51101
Successfully changed project path to: D:/UnityProject/GitHub/TermProject-DigitalContentClass/TermProject
D:/UnityProject/GitHub/TermProject-DigitalContentClass/TermProject
[UnityMemory] Configuration Parameters - Can be set up in boot.config
    "memorysetup-bucket-allocator-granularity=16"
    "memorysetup-bucket-allocator-bucket-count=8"
    "memorysetup-bucket-allocator-block-size=33554432"
    "memorysetup-bucket-allocator-block-count=8"
    "memorysetup-main-allocator-block-size=16777216"
    "memorysetup-thread-allocator-block-size=16777216"
    "memorysetup-gfx-main-allocator-block-size=16777216"
    "memorysetup-gfx-thread-allocator-block-size=16777216"
    "memorysetup-cache-allocator-block-size=4194304"
    "memorysetup-typetree-allocator-block-size=2097152"
    "memorysetup-profiler-bucket-allocator-granularity=16"
    "memorysetup-profiler-bucket-allocator-bucket-count=8"
    "memorysetup-profiler-bucket-allocator-block-size=33554432"
    "memorysetup-profiler-bucket-allocator-block-count=8"
    "memorysetup-profiler-allocator-block-size=16777216"
    "memorysetup-profiler-editor-allocator-block-size=1048576"
    "memorysetup-temp-allocator-size-main=16777216"
    "memorysetup-job-temp-allocator-block-size=2097152"
    "memorysetup-job-temp-allocator-block-size-background=1048576"
    "memorysetup-job-temp-allocator-reduction-small-platforms=262144"
    "memorysetup-allocator-temp-initial-block-size-main=262144"
    "memorysetup-allocator-temp-initial-block-size-worker=262144"
    "memorysetup-temp-allocator-size-background-worker=32768"
    "memorysetup-temp-allocator-size-job-worker=262144"
    "memorysetup-temp-allocator-size-preload-manager=33554432"
    "memorysetup-temp-allocator-size-nav-mesh-worker=65536"
    "memorysetup-temp-allocator-size-audio-worker=65536"
    "memorysetup-temp-allocator-size-cloud-worker=32768"
    "memorysetup-temp-allocator-size-gi-baking-worker=262144"
    "memorysetup-temp-allocator-size-gfx=262144"
Player connection [23816] Host "[IP] 192.168.145.1 [Port] 0 [Flags] 2 [Guid] 2644173044 [EditorId] 2644173044 [Version] 1048832 [Id] WindowsEditor(7,DESKTOP-9VO6HV5) [Debug] 1 [PackageName] WindowsEditor [ProjectName] Editor" joined multi-casting on [225.0.0.222:54997]...

Player connection [23816] Host "[IP] 192.168.145.1 [Port] 0 [Flags] 2 [Guid] 2644173044 [EditorId] 2644173044 [Version] 1048832 [Id] WindowsEditor(7,DESKTOP-9VO6HV5) [Debug] 1 [PackageName] WindowsEditor [ProjectName] Editor" joined alternative multi-casting on [225.0.0.222:34997]...

[Physics::Module] Initialized MultithreadedJobDispatcher with 19 workers.
Refreshing native plugins compatible for Editor in 5.13 ms, found 3 plugins.
Preloading 0 native plugins for Editor in 0.00 ms.
Initialize engine version: 2022.3.20f1 (61c2feb0970d)
[Subsystems] Discovering subsystems at path D:/Unity/Editor/Data/Resources/UnitySubsystems
[Subsystems] Discovering subsystems at path D:/UnityProject/GitHub/TermProject-DigitalContentClass/TermProject/Assets
GfxDevice: creating device client; threaded=0; jobified=0
Direct3D:
    Version:  Direct3D 11.0 [level 11.1]
    Renderer: NVIDIA GeForce RTX 3070 Ti (ID=0x2482)
    Vendor:   NVIDIA
    VRAM:     8031 MB
    Driver:   31.0.15.3623
Initialize mono
Mono path[0] = 'D:/Unity/Editor/Data/Managed'
Mono path[1] = 'D:/Unity/Editor/Data/MonoBleedingEdge/lib/mono/unityjit-win32'
Mono config path = 'D:/Unity/Editor/Data/MonoBleedingEdge/etc'
Using monoOptions --debugger-agent=transport=dt_socket,embedding=1,server=y,suspend=n,address=127.0.0.1:56872
Begin MonoManager ReloadAssembly
Registering precompiled unity dll's ...
Register platform support module: D:/Unity/Editor/Data/PlaybackEngines/AndroidPlayer/UnityEditor.Android.Extensions.dll
Register platform support module: D:/Unity/Editor/Data/PlaybackEngines/WindowsStandaloneSupport/UnityEditor.WindowsStandalone.Extensions.dll
Registered in 0.002612 seconds.
- Loaded All Assemblies, in  0.303 seconds
Native extension for WindowsStandalone target not found
Native extension for Android target not found
Mono: successfully reloaded assembly
- Finished resetting the current domain, in  0.200 seconds
Domain Reload Profiling: 503ms
	BeginReloadAssembly (108ms)
		ExecutionOrderSort (0ms)
		DisableScriptedObjects (0ms)
		BackupInstance (0ms)
		ReleaseScriptingObjects (0ms)
		CreateAndSetChildDomain (0ms)
	RebuildCommonClasses (24ms)
	RebuildNativeTypeToScriptingClass (7ms)
	initialDomainReloadingComplete (34ms)
	LoadAllAssembliesAndSetupDomain (130ms)
		LoadAssemblies (108ms)
		RebuildTransferFunctionScriptingTraits (0ms)
		AnalyzeDomain (128ms)
			TypeCache.Refresh (127ms)
				TypeCache.ScanAssembly (116ms)
			ScanForSourceGeneratedMonoScriptInfo (0ms)
			ResolveRequiredComponents (0ms)
	FinalizeReload (200ms)
		ReleaseScriptCaches (0ms)
		RebuildScriptCaches (0ms)
		SetupLoadedEditorAssemblies (166ms)
			LogAssemblyErrors (0ms)
			InitializePlatformSupportModulesInManaged (56ms)
			SetLoadedEditorAssemblies (4ms)
			RefreshPlugins (0ms)
			BeforeProcessingInitializeOnLoad (1ms)
			ProcessInitializeOnLoadAttributes (72ms)
			ProcessInitializeOnLoadMethodAttributes (33ms)
			AfterProcessingInitializeOnLoad (0ms)
			EditorAssembliesLoaded (0ms)
		ExecutionOrderSort2 (0ms)
		AwakeInstancesAfterBackupRestoration (0ms)
========================================================================
Worker process is ready to serve import requests
Begin MonoManager ReloadAssembly
Symbol file LoadedFromMemory is not a mono symbol file
- Loaded All Assemblies, in  0.515 seconds
Refreshing native plugins compatible for Editor in 1.63 ms, found 3 plugins.
Native extension for WindowsStandalone target not found
Native extension for Android target not found
Package Manager log level set to [2]
[Package Manager] Server::EnsureServerProcessIsRunning -- launch failed, reason: Unity was launched with the -noUpm command-line argument
[Package Manager] UpmClient::Send -- Unable to send message (not connected to UPM process).
[Package Manager] Cannot connect to Unity Package Manager local server
Mono: successfully reloaded assembly
- Finished resetting the current domain, in  0.340 seconds
Domain Reload Profiling: 855ms
	BeginReloadAssembly (98ms)
		ExecutionOrderSort (0ms)
		DisableScriptedObjects (3ms)
		BackupInstance (0ms)
		ReleaseScriptingObjects (0ms)
		CreateAndSetChildDomain (13ms)
	RebuildCommonClasses (20ms)
	RebuildNativeTypeToScriptingClass (6ms)
	initialDomainReloadingComplete (22ms)
	LoadAllAssembliesAndSetupDomain (368ms)
		LoadAssemblies (264ms)
		RebuildTransferFunctionScriptingTraits (0ms)
		AnalyzeDomain (165ms)
			TypeCache.Refresh (150ms)
				TypeCache.ScanAssembly (131ms)
			ScanForSourceGeneratedMonoScriptInfo (12ms)
			ResolveRequiredComponents (3ms)
	FinalizeReload (341ms)
		ReleaseScriptCaches (0ms)
		RebuildScriptCaches (0ms)
		SetupLoadedEditorAssemblies (245ms)
			LogAssemblyErrors (0ms)
			InitializePlatformSupportModulesInManaged (14ms)
			SetLoadedEditorAssemblies (2ms)
			RefreshPlugins (0ms)
			BeforeProcessingInitializeOnLoad (32ms)
			ProcessInitializeOnLoadAttributes (183ms)
			ProcessInitializeOnLoadMethodAttributes (13ms)
			AfterProcessingInitializeOnLoad (1ms)
			EditorAssembliesLoaded (0ms)
		ExecutionOrderSort2 (0ms)
		AwakeInstancesAfterBackupRestoration (7ms)
Launched and connected shader compiler UnityShaderCompiler.exe after 0.04 seconds
Refreshing native plugins compatible for Editor in 2.56 ms, found 3 plugins.
Preloading 0 native plugins for Editor in 0.00 ms.
Unloading 3166 Unused Serialized files (Serialized files now loaded: 0)
Unloading 34 unused Assets / (58.0 KB). Loaded Objects now: 3630.
Memory consumption went from 135.5 MB to 135.5 MB.
Total: 2.427700 ms (FindLiveObjects: 0.185100 ms CreateObjectMapping: 0.099900 ms MarkObjects: 2.048700 ms  DeleteObjects: 0.093100 ms)

AssetImportParameters requested are different than current active one (requested -> active):
  custom:container-demuxer-ogg: 62fdf1f143b41e24485cea50d1cbac27 -> 
  custom:video-decoder-ogg-theora: a1e56fd34408186e4bbccfd4996cb3dc -> 
  custom:framework-win-MediaFoundation: 216162199b28c13a410421893ffa2e32 -> 
  custom:CustomObjectIndexerAttribute: 6d391050e5a25f67b0a2c618074f2cd9 -> 
  custom:container-demuxer-webm: 4f35f7cbe854078d1ac9338744f61a02 -> 
  custom:container-muxer-webm: aa71ff27fc2769a1b78a27578f13a17b -> 
  custom:video-decoder-webm-vp8: 9c59270c3fd7afecdb556c50c9e8de78 -> 
  custom:SearchIndexIgnoredProperties: e643bd26f0fe6173181afceb89e7c659 -> 
  custom:AudioImporter_EditorPlatform: d09bf68614088b80899f8185d706f6e7 -> 
  custom:video-encoder-webm-vp8: eb34c28f22e8b96e1ab97ce403110664 -> 
  custom:audio-decoder-ogg-vorbis: bf7c407c2cedff20999df2af8eb42d56 -> 
  custom:audio-encoder-webm-vorbis: bf7c407c2cedff20999df2af8eb42d56 -> 
========================================================================
Received Import Request.
  Time since last request: 14721.361932 seconds.
  path: Assets/Particle Ribbon by Moonflower Carnivore/Prefabs/Charge_01.4.1 Ribbon Rainbow trail.prefab
  artifactKey: Guid(1478ae28b6fad154a8e5dc2e2555a7ac) Importer(815301076,1909f56bfc062723c751e8b465ee728b)
Start importing Assets/Particle Ribbon by Moonflower Carnivore/Prefabs/Charge_01.4.1 Ribbon Rainbow trail.prefab using Guid(1478ae28b6fad154a8e5dc2e2555a7ac) Importer(815301076,1909f56bfc062723c751e8b465ee728b)  -> (artifact id: '1a141f23d9a6464d540a71ac4b84a331') in 0.089244 seconds
Number of updated asset objects reloaded before import = 0
Number of asset objects unloaded after import = 17
========================================================================
Received Import Request.
  Time since last request: 0.000029 seconds.
  path: Assets/Particle Ribbon by Moonflower Carnivore/Prefabs/Charge_02.prefab
  artifactKey: Guid(7c22cd57a15e6fb479c6d3b3c4060e88) Importer(815301076,1909f56bfc062723c751e8b465ee728b)
Start importing Assets/Particle Ribbon by Moonflower Carnivore/Prefabs/Charge_02.prefab using Guid(7c22cd57a15e6fb479c6d3b3c4060e88) Importer(815301076,1909f56bfc062723c751e8b465ee728b)  -> (artifact id: '805bf027d0aad29f57a153e20599b366') in 0.026124 seconds
Number of updated asset objects reloaded before import = 0
Number of asset objects unloaded after import = 23
========================================================================
Received Import Request.
  Time since last request: 0.000014 seconds.
  path: Assets/Particle Ribbon by Moonflower Carnivore/Prefabs/Charge_01.4 Ribbon point.prefab
  artifactKey: Guid(5aca12a25b34970479a5b05210886a83) Importer(815301076,1909f56bfc062723c751e8b465ee728b)
Start importing Assets/Particle Ribbon by Moonflower Carnivore/Prefabs/Charge_01.4 Ribbon point.prefab using Guid(5aca12a25b34970479a5b05210886a83) Importer(815301076,1909f56bfc062723c751e8b465ee728b)  -> (artifact id: 'dd02521a113b48f1aeced5d238d17739') in 0.020760 seconds
Number of updated asset objects reloaded before import = 0
Number of asset objects unloaded after import = 17
========================================================================
Received Import Request.
  Time since last request: 1283.453638 seconds.
  path: Assets/Yodah_the_Cat/Stylized bread serving/HDRP/Prefabs/Basket.prefab
  artifactKey: Guid(f4d9bf916dc7a75449e566221326584c) Importer(815301076,1909f56bfc062723c751e8b465ee728b)
Start importing Assets/Yodah_the_Cat/Stylized bread serving/HDRP/Prefabs/Basket.prefab using Guid(f4d9bf916dc7a75449e566221326584c) Importer(815301076,1909f56bfc062723c751e8b465ee728b)  -> (artifact id: '397921c1cb414a31b4967e1695a0947c') in 0.013919 seconds
Number of updated asset objects reloaded before import = 0
Number of asset objects unloaded after import = 18
========================================================================
Received Import Request.
  Time since last request: 0.001517 seconds.
  path: Assets/Yodah_the_Cat/Stylized bread serving/HDRP/Prefabs/Bun.prefab
  artifactKey: Guid(63fe8cf59fd39e2498c3f40d5e16fa0d) Importer(815301076,1909f56bfc062723c751e8b465ee728b)
Start importing Assets/Yodah_the_Cat/Stylized bread serving/HDRP/Prefabs/Bun.prefab using Guid(63fe8cf59fd39e2498c3f40d5e16fa0d) Importer(815301076,1909f56bfc062723c751e8b465ee728b)  -> (artifact id: '4aa1c0830c83f8314a42e1e725bd2590') in 0.009952 seconds
Number of updated asset objects reloaded before import = 0
Number of asset objects unloaded after import = 18
========================================================================
Received Import Request.
  Time since last request: 0.007744 seconds.
  path: Assets/Yodah_the_Cat/Stylized bread serving/HDRP/Prefabs/BunSesame.prefab
  artifactKey: Guid(55d6677abec1c6c4cb7998e2f218f7f5) Importer(815301076,1909f56bfc062723c751e8b465ee728b)
Start importing Assets/Yodah_the_Cat/Stylized bread serving/HDRP/Prefabs/BunSesame.prefab using Guid(55d6677abec1c6c4cb7998e2f218f7f5) Importer(815301076,1909f56bfc062723c751e8b465ee728b)  -> (artifact id: '2966f83c7110120e018061529dd18067') in 0.011086 seconds
Number of updated asset objects reloaded before import = 0
Number of asset objects unloaded after import = 18
========================================================================
Received Import Request.
  Time since last request: 0.000014 seconds.
  path: Assets/Yodah_the_Cat/Stylized bread serving/HDRP/Prefabs/Loaf.prefab
  artifactKey: Guid(7cd4d432c8c2d3a49ad18a2a191eaf50) Importer(815301076,1909f56bfc062723c751e8b465ee728b)
Start importing Assets/Yodah_the_Cat/Stylized bread serving/HDRP/Prefabs/Loaf.prefab using Guid(7cd4d432c8c2d3a49ad18a2a191eaf50) Importer(815301076,1909f56bfc062723c751e8b465ee728b)  -> (artifact id: 'd142a2212b69e761b358251ffee0b700') in 0.011509 seconds
Number of updated asset objects reloaded before import = 0
Number of asset objects unloaded after import = 18
========================================================================
Received Import Request.
  Time since last request: 0.000016 seconds.
  path: Assets/Yodah_the_Cat/Stylized bread serving/HDRP/Prefabs/CuttingBoard.prefab
  artifactKey: Guid(92decc4545eff1c4e9bdbf55846d8352) Importer(815301076,1909f56bfc062723c751e8b465ee728b)
Start importing Assets/Yodah_the_Cat/Stylized bread serving/HDRP/Prefabs/CuttingBoard.prefab using Guid(92decc4545eff1c4e9bdbf55846d8352) Importer(815301076,1909f56bfc062723c751e8b465ee728b)  -> (artifact id: 'd394d8b555a4fde0bea2259f48f01485') in 0.009891 seconds
Number of updated asset objects reloaded before import = 0
Number of asset objects unloaded after import = 18
========================================================================
Received Import Request.
  Time since last request: 0.000018 seconds.
  path: Assets/Yodah_the_Cat/Stylized bread serving/HDRP/Prefabs/LoafSlice.prefab
  artifactKey: Guid(9d0d37dfe280c5b4099957ae299c7782) Importer(815301076,1909f56bfc062723c751e8b465ee728b)
Start importing Assets/Yodah_the_Cat/Stylized bread serving/HDRP/Prefabs/LoafSlice.prefab using Guid(9d0d37dfe280c5b4099957ae299c7782) Importer(815301076,1909f56bfc062723c751e8b465ee728b)  -> (artifact id: '6b81853ae93d4e213b10f7a9b5073ef3') in 0.009095 seconds
Number of updated asset objects reloaded before import = 0
Number of asset objects unloaded after import = 18
========================================================================
Received Import Request.
  Time since last request: 7.269797 seconds.
  path: Assets/Yodah_the_Cat/Stylized bread serving/URP/Prefabs/Basket.prefab
  artifactKey: Guid(339b098e2aa73b046944f31bce2453cf) Importer(815301076,1909f56bfc062723c751e8b465ee728b)
Start importing Assets/Yodah_the_Cat/Stylized bread serving/URP/Prefabs/Basket.prefab using Guid(339b098e2aa73b046944f31bce2453cf) Importer(815301076,1909f56bfc062723c751e8b465ee728b)  -> (artifact id: '5f928feec3dc8f5c52cc04fe83090e66') in 0.011324 seconds
Number of updated asset objects reloaded before import = 0
Number of asset objects unloaded after import = 18
========================================================================
Received Import Request.
  Time since last request: 0.004304 seconds.
  path: Assets/Yodah_the_Cat/Stylized bread serving/URP/Prefabs/CuttingBoard.prefab
  artifactKey: Guid(527f5fe466ebb9e48a7d9d2d4e18c5c0) Importer(815301076,1909f56bfc062723c751e8b465ee728b)
Start importing Assets/Yodah_the_Cat/Stylized bread serving/URP/Prefabs/CuttingBoard.prefab using Guid(527f5fe466ebb9e48a7d9d2d4e18c5c0) Importer(815301076,1909f56bfc062723c751e8b465ee728b)  -> (artifact id: '7c5b92adf99167fae4919f2f46134876') in 0.021555 seconds
Number of updated asset objects reloaded before import = 0
Number of asset objects unloaded after import = 18
========================================================================
Received Import Request.
  Time since last request: 0.000013 seconds.
  path: Assets/Yodah_the_Cat/Stylized bread serving/URP/Prefabs/Loaf.prefab
  artifactKey: Guid(bc5b9c9e0f9efe142b402568af4b4df8) Importer(815301076,1909f56bfc062723c751e8b465ee728b)
Start importing Assets/Yodah_the_Cat/Stylized bread serving/URP/Prefabs/Loaf.prefab using Guid(bc5b9c9e0f9efe142b402568af4b4df8) Importer(815301076,1909f56bfc062723c751e8b465ee728b)  -> (artifact id: 'bbe708c05b3d8e4de929481ff81df7fe') in 0.014102 seconds
Number of updated asset objects reloaded before import = 0
Number of asset objects unloaded after import = 18
========================================================================
Received Import Request.
  Time since last request: 0.000015 seconds.
  path: Assets/Yodah_the_Cat/Stylized bread serving/URP/Prefabs/BrownBreadSlice.prefab
  artifactKey: Guid(ba2b2b98c0d09044b948575e4956b341) Importer(815301076,1909f56bfc062723c751e8b465ee728b)
Start importing Assets/Yodah_the_Cat/Stylized bread serving/URP/Prefabs/BrownBreadSlice.prefab using Guid(ba2b2b98c0d09044b948575e4956b341) Importer(815301076,1909f56bfc062723c751e8b465ee728b)  -> (artifact id: '3cc7c19bc3b313130d28ccc829075d12') in 0.010896 seconds
Number of updated asset objects reloaded before import = 0
Number of asset objects unloaded after import = 18
========================================================================
Received Import Request.
  Time since last request: 0.000023 seconds.
  path: Assets/Yodah_the_Cat/Stylized bread serving/URP/Prefabs/LoafHalf.prefab
  artifactKey: Guid(9f5879e05a85e3a4b8cc3f8caccef078) Importer(815301076,1909f56bfc062723c751e8b465ee728b)
Start importing Assets/Yodah_the_Cat/Stylized bread serving/URP/Prefabs/LoafHalf.prefab using Guid(9f5879e05a85e3a4b8cc3f8caccef078) Importer(815301076,1909f56bfc062723c751e8b465ee728b)  -> (artifact id: 'b820f6f89f824b44f7525a6ed75c0bf9') in 0.010786 seconds
Number of updated asset objects reloaded before import = 0
Number of asset objects unloaded after import = 18
========================================================================
Received Import Request.
  Time since last request: 7.347289 seconds.
  path: Assets/Yodah_the_Cat/Stylized bread serving/Meshes/Basket.fbx
  artifactKey: Guid(83bcb39935db30645b2077761f3c34be) Importer(815301076,1909f56bfc062723c751e8b465ee728b)
Start importing Assets/Yodah_the_Cat/Stylized bread serving/Meshes/Basket.fbx using Guid(83bcb39935db30645b2077761f3c34be) Importer(815301076,1909f56bfc062723c751e8b465ee728b)  -> (artifact id: '2367ee4543b5a8afcd361fae9bc5f0d5') in 0.044922 seconds
Number of updated asset objects reloaded before import = 0
Number of asset objects unloaded after import = 7
========================================================================
Received Import Request.
  Time since last request: 0.000013 seconds.
  path: Assets/Yodah_the_Cat/Stylized bread serving/Meshes/LoafHalf.fbx
  artifactKey: Guid(15ac3960ab0f6714fb55228ab2b51a7c) Importer(815301076,1909f56bfc062723c751e8b465ee728b)
Start importing Assets/Yodah_the_Cat/Stylized bread serving/Meshes/LoafHalf.fbx using Guid(15ac3960ab0f6714fb55228ab2b51a7c) Importer(815301076,1909f56bfc062723c751e8b465ee728b)  -> (artifact id: '2472c38b9af2652ee05fe8714a2ffd72') in 0.014781 seconds
Number of updated asset objects reloaded before import = 0
Number of asset objects unloaded after import = 7
========================================================================
Received Import Request.
  Time since last request: 7.531728 seconds.
  path: Assets/Yodah_the_Cat/Stylized bread serving/Build-In/Prefabs/Basket.prefab
  artifactKey: Guid(1b328a4f4a522314e9f208887b9f32c6) Importer(815301076,1909f56bfc062723c751e8b465ee728b)
Start importing Assets/Yodah_the_Cat/Stylized bread serving/Build-In/Prefabs/Basket.prefab using Guid(1b328a4f4a522314e9f208887b9f32c6) Importer(815301076,1909f56bfc062723c751e8b465ee728b)  -> (artifact id: 'df0492f89bddec73aa921fbbee69d953') in 0.218871 seconds
Number of updated asset objects reloaded before import = 0
Number of asset objects unloaded after import = 18
Editor requested this worker to shutdown with reason: Scaling down because of idle timeout
TcpMessagingSession - receive error: operation aborted. errorcode: 995, details: 스레드 종료 또는 응용 프로그램 요청 때문에 I/O 작업이 취소되었습니다.
AssetImportWorker is now disconnected from the server
Process exiting
Exiting without the bug reporter. Application will terminate with return code 0